<?xml version="1.0" encoding="UTF-8"?>
<testng-results ignored="0" total="1" passed="1" failed="0" skipped="0">
  <reporter-output>
  </reporter-output>
  <suite started-at="2024-11-09T14:58:25 IST" name="Surefire suite" finished-at="2024-11-09T14:58:46 IST" duration-ms="20396">
    <groups>
    </groups>
    <test started-at="2024-11-09T14:58:25 IST" name="Surefire test" finished-at="2024-11-09T14:58:46 IST" duration-ms="20396">
      <class name="org.courierdost.firstTest">
        <test-method is-config="true" signature="ConfigureAppium()[pri:0, instance:org.courierdost.firstTest@16746061]" started-at="2024-11-09T14:58:25 IST" name="ConfigureAppium" finished-at="2024-11-09T14:58:31 IST" duration-ms="6011" status="PASS">
          <reporter-output>
          </reporter-output>
        </test-method> <!-- ConfigureAppium -->
        <test-method signature="FillForm()[pri:0, instance:org.courierdost.firstTest@16746061]" started-at="2024-11-09T14:58:31 IST" name="FillForm" finished-at="2024-11-09T14:58:45 IST" duration-ms="14014" status="PASS">
          <reporter-output>
          </reporter-output>
        </test-method> <!-- FillForm -->
        <test-method is-config="true" signature="tearDown()[pri:0, instance:org.courierdost.firstTest@16746061]" started-at="2024-11-09T14:58:45 IST" name="tearDown" finished-at="2024-11-09T14:58:46 IST" duration-ms="335" status="PASS">
          <reporter-output>
          </reporter-output>
        </test-method> <!-- tearDown -->
      </class> <!-- org.courierdost.firstTest -->
    </test> <!-- Surefire test -->
  </suite> <!-- Surefire suite -->
</testng-results>
