<?xml version="1.0" encoding="UTF-8"?>
<testng-results ignored="0" total="1" passed="1" failed="0" skipped="0">
  <reporter-output>
  </reporter-output>
  <suite started-at="2024-11-12T22:35:52 IST" name="Default suite" finished-at="2024-11-12T22:36:13 IST" duration-ms="21013">
    <groups>
    </groups>
    <test started-at="2024-11-12T22:35:52 IST" name="Default test" finished-at="2024-11-12T22:36:13 IST" duration-ms="21013">
      <class name="org.courierdost.android.androidFirstTest">
        <test-method is-config="true" signature="ConfigureAppium()[pri:0, instance:org.courierdost.android.androidFirstTest@2c3dec30]" started-at="2024-11-12T22:35:52 IST" name="ConfigureAppium" finished-at="2024-11-12T22:35:57 IST" duration-ms="5327" status="PASS">
          <reporter-output>
          </reporter-output>
        </test-method> <!-- ConfigureAppium -->
        <test-method signature="FillForm()[pri:0, instance:org.courierdost.android.androidFirstTest@2c3dec30]" started-at="2024-11-12T22:35:57 IST" name="FillForm" finished-at="2024-11-12T22:36:12 IST" duration-ms="15247" status="PASS">
          <reporter-output>
          </reporter-output>
        </test-method> <!-- FillForm -->
        <test-method is-config="true" signature="tearDown()[pri:0, instance:org.courierdost.android.androidFirstTest@2c3dec30]" started-at="2024-11-12T22:36:12 IST" name="tearDown" finished-at="2024-11-12T22:36:13 IST" duration-ms="392" status="PASS">
          <reporter-output>
          </reporter-output>
        </test-method> <!-- tearDown -->
      </class> <!-- org.courierdost.android.androidFirstTest -->
    </test> <!-- Default test -->
  </suite> <!-- Default suite -->
</testng-results>
